Starting start_gunicorn.sh at Sun Oct  5 08:46:16 WAT 2025
Current user: ernest
Current directory: /mnt/c/Users/MTECH COMPUTERS/Desktop
Clearing stale .pyc files and __pycache__
Sourcing virtual environment
Checking dependencies
Requirement already satisfied: attrs==21.2.0 in ./venv/lib/python3.10/site-packages (from -r /home/ernest/student_result_cleaner/requirements.txt (line 1)) (21.2.0)
Requirement already satisfied: Automat==20.2.0 in ./venv/lib/python3.10/site-packages (from -r /home/ernest/student_result_cleaner/requirements.txt (line 2)) (20.2.0)
Requirement already satisfied: Babel==2.8.0 in ./venv/lib/python3.10/site-packages (from -r /home/ernest/student_result_cleaner/requirements.txt (line 3)) (2.8.0)
Requirement already satisfied: bcrypt==3.2.0 in ./venv/lib/python3.10/site-packages (from -r /home/ernest/student_result_cleaner/requirements.txt (line 4)) (3.2.0)
Requirement already satisfied: blinker==1.9.0 in ./venv/lib/python3.10/site-packages (from -r /home/ernest/student_result_cleaner/requirements.txt (line 5)) (1.9.0)
Requirement already satisfied: certifi==2020.6.20 in ./venv/lib/python3.10/site-packages (from -r /home/ernest/student_result_cleaner/requirements.txt (line 6)) (2020.6.20)
Requirement already satisfied: cffi==2.0.0 in ./venv/lib/python3.10/site-packages (from -r /home/ernest/student_result_cleaner/requirements.txt (line 7)) (2.0.0)
Requirement already satisfied: chardet==4.0.0 in ./venv/lib/python3.10/site-packages (from -r /home/ernest/student_result_cleaner/requirements.txt (line 8)) (4.0.0)
Requirement already satisfied: click==8.3.0 in ./venv/lib/python3.10/site-packages (from -r /home/ernest/student_result_cleaner/requirements.txt (line 9)) (8.3.0)
Requirement already satisfied: colorama==0.4.4 in ./venv/lib/python3.10/site-packages (from -r /home/ernest/student_result_cleaner/requirements.txt (line 10)) (0.4.4)
Requirement already satisfied: configobj==5.0.6 in ./venv/lib/python3.10/site-packages (from -r /home/ernest/student_result_cleaner/requirements.txt (line 11)) (5.0.6)
Requirement already satisfied: constantly==15.1.0 in ./venv/lib/python3.10/site-packages (from -r /home/ernest/student_result_cleaner/requirements.txt (line 12)) (15.1.0)
Requirement already satisfied: cryptography==3.4.8 in ./venv/lib/python3.10/site-packages (from -r /home/ernest/student_result_cleaner/requirements.txt (line 13)) (3.4.8)
Requirement already satisfied: Cython==3.1.4 in ./venv/lib/python3.10/site-packages (from -r /home/ernest/student_result_cleaner/requirements.txt (line 14)) (3.1.4)
Requirement already satisfied: et_xmlfile==2.0.0 in ./venv/lib/python3.10/site-packages (from -r /home/ernest/student_result_cleaner/requirements.txt (line 15)) (2.0.0)
Requirement already satisfied: Flask==3.1.2 in ./venv/lib/python3.10/site-packages (from -r /home/ernest/student_result_cleaner/requirements.txt (line 16)) (3.1.2)
Requirement already satisfied: hyperlink==21.0.0 in ./venv/lib/python3.10/site-packages (from -r /home/ernest/student_result_cleaner/requirements.txt (line 17)) (21.0.0)
Requirement already satisfied: idna==2.10 in ./venv/lib/python3.10/site-packages (from -r /home/ernest/student_result_cleaner/requirements.txt (line 18)) (2.10)
Requirement already satisfied: importlib-metadata==4.6.4 in ./venv/lib/python3.10/site-packages (from -r /home/ernest/student_result_cleaner/requirements.txt (line 19)) (4.6.4)
Requirement already satisfied: incremental==21.3.0 in ./venv/lib/python3.10/site-packages (from -r /home/ernest/student_result_cleaner/requirements.txt (line 20)) (21.3.0)
Requirement already satisfied: itsdangerous==2.2.0 in ./venv/lib/python3.10/site-packages (from -r /home/ernest/student_result_cleaner/requirements.txt (line 21)) (2.2.0)
Requirement already satisfied: jeepney==0.7.1 in ./venv/lib/python3.10/site-packages (from -r /home/ernest/student_result_cleaner/requirements.txt (line 22)) (0.7.1)
Requirement already satisfied: Jinja2==3.1.6 in ./venv/lib/python3.10/site-packages (from -r /home/ernest/student_result_cleaner/requirements.txt (line 23)) (3.1.6)
Requirement already satisfied: jsonpatch==1.32 in ./venv/lib/python3.10/site-packages (from -r /home/ernest/student_result_cleaner/requirements.txt (line 24)) (1.32)
Requirement already satisfied: jsonpointer==2.0 in ./venv/lib/python3.10/site-packages (from -r /home/ernest/student_result_cleaner/requirements.txt (line 25)) (2.0)
Requirement already satisfied: jsonschema==3.2.0 in ./venv/lib/python3.10/site-packages (from -r /home/ernest/student_result_cleaner/requirements.txt (line 26)) (3.2.0)
Requirement already satisfied: keyring==23.5.0 in ./venv/lib/python3.10/site-packages (from -r /home/ernest/student_result_cleaner/requirements.txt (line 27)) (23.5.0)
Requirement already satisfied: lxml==6.0.1 in ./venv/lib/python3.10/site-packages (from -r /home/ernest/student_result_cleaner/requirements.txt (line 28)) (6.0.1)
Requirement already satisfied: MarkupSafe==3.0.3 in ./venv/lib/python3.10/site-packages (from -r /home/ernest/student_result_cleaner/requirements.txt (line 29)) (3.0.3)
Requirement already satisfied: more-itertools==8.10.0 in ./venv/lib/python3.10/site-packages (from -r /home/ernest/student_result_cleaner/requirements.txt (line 30)) (8.10.0)
Requirement already satisfied: numpy==2.2.6 in ./venv/lib/python3.10/site-packages (from -r /home/ernest/student_result_cleaner/requirements.txt (line 31)) (2.2.6)
Requirement already satisfied: openpyxl==3.1.5 in ./venv/lib/python3.10/site-packages (from -r /home/ernest/student_result_cleaner/requirements.txt (line 32)) (3.1.5)
Requirement already satisfied: pandas==2.3.2 in ./venv/lib/python3.10/site-packages (from -r /home/ernest/student_result_cleaner/requirements.txt (line 33)) (2.3.2)
Requirement already satisfied: pyasn1==0.4.8 in ./venv/lib/python3.10/site-packages (from -r /home/ernest/student_result_cleaner/requirements.txt (line 34)) (0.4.8)
Requirement already satisfied: pyasn1-modules==0.2.1 in ./venv/lib/python3.10/site-packages (from -r /home/ernest/student_result_cleaner/requirements.txt (line 35)) (0.2.1)
Requirement already satisfied: pycparser==2.23 in ./venv/lib/python3.10/site-packages (from -r /home/ernest/student_result_cleaner/requirements.txt (line 36)) (2.23)
Requirement already satisfied: PyHamcrest==2.0.2 in ./venv/lib/python3.10/site-packages (from -r /home/ernest/student_result_cleaner/requirements.txt (line 37)) (2.0.2)
Requirement already satisfied: PyJWT==2.3.0 in ./venv/lib/python3.10/site-packages (from -r /home/ernest/student_result_cleaner/requirements.txt (line 38)) (2.3.0)
Requirement already satisfied: pyOpenSSL==21.0.0 in ./venv/lib/python3.10/site-packages (from -r /home/ernest/student_result_cleaner/requirements.txt (line 39)) (21.0.0)
Requirement already satisfied: pyparsing==2.4.7 in ./venv/lib/python3.10/site-packages (from -r /home/ernest/student_result_cleaner/requirements.txt (line 40)) (2.4.7)
Requirement already satisfied: pyrsistent==0.18.1 in ./venv/lib/python3.10/site-packages (from -r /home/ernest/student_result_cleaner/requirements.txt (line 41)) (0.18.1)
Requirement already satisfied: pyserial==3.5 in ./venv/lib/python3.10/site-packages (from -r /home/ernest/student_result_cleaner/requirements.txt (line 42)) (3.5)
Requirement already satisfied: python-dateutil==2.9.0.post0 in ./venv/lib/python3.10/site-packages (from -r /home/ernest/student_result_cleaner/requirements.txt (line 43)) (2.9.0.post0)
Requirement already satisfied: python-dotenv==1.1.1 in ./venv/lib/python3.10/site-packages (from -r /home/ernest/student_result_cleaner/requirements.txt (line 44)) (1.1.1)
Requirement already satisfied: pytz==2022.1 in ./venv/lib/python3.10/site-packages (from -r /home/ernest/student_result_cleaner/requirements.txt (line 45)) (2022.1)
Requirement already satisfied: PyYAML==6.0 in ./venv/lib/python3.10/site-packages (from -r /home/ernest/student_result_cleaner/requirements.txt (line 46)) (6.0)
Requirement already satisfied: requests==2.25.1 in ./venv/lib/python3.10/site-packages (from -r /home/ernest/student_result_cleaner/requirements.txt (line 47)) (2.25.1)
Requirement already satisfied: SecretStorage==3.4.0 in ./venv/lib/python3.10/site-packages (from -r /home/ernest/student_result_cleaner/requirements.txt (line 48)) (3.4.0)
Requirement already satisfied: six==1.16.0 in ./venv/lib/python3.10/site-packages (from -r /home/ernest/student_result_cleaner/requirements.txt (line 49)) (1.16.0)
Requirement already satisfied: Twisted==22.1.0 in ./venv/lib/python3.10/site-packages (from -r /home/ernest/student_result_cleaner/requirements.txt (line 50)) (22.1.0)
Requirement already satisfied: typing_extensions==4.15.0 in ./venv/lib/python3.10/site-packages (from -r /home/ernest/student_result_cleaner/requirements.txt (line 51)) (4.15.0)
Requirement already satisfied: tzdata==2025.2 in ./venv/lib/python3.10/site-packages (from -r /home/ernest/student_result_cleaner/requirements.txt (line 52)) (2025.2)
Requirement already satisfied: urllib3==1.26.5 in ./venv/lib/python3.10/site-packages (from -r /home/ernest/student_result_cleaner/requirements.txt (line 53)) (1.26.5)
Requirement already satisfied: Werkzeug==3.1.3 in ./venv/lib/python3.10/site-packages (from -r /home/ernest/student_result_cleaner/requirements.txt (line 54)) (3.1.3)
Requirement already satisfied: xlrd==2.0.2 in ./venv/lib/python3.10/site-packages (from -r /home/ernest/student_result_cleaner/requirements.txt (line 55)) (2.0.2)
Requirement already satisfied: zipp==1.0.0 in ./venv/lib/python3.10/site-packages (from -r /home/ernest/student_result_cleaner/requirements.txt (line 56)) (1.0.0)
Requirement already satisfied: zope.interface==5.4.0 in ./venv/lib/python3.10/site-packages (from -r /home/ernest/student_result_cleaner/requirements.txt (line 57)) (5.4.0)
Requirement already satisfied: gunicorn==23.0.0 in ./venv/lib/python3.10/site-packages (from -r /home/ernest/student_result_cleaner/requirements.txt (line 58)) (23.0.0)
Requirement already satisfied: setuptools in ./venv/lib/python3.10/site-packages (from jsonschema==3.2.0->-r /home/ernest/student_result_cleaner/requirements.txt (line 26)) (80.9.0)
Requirement already satisfied: packaging in ./venv/lib/python3.10/site-packages (from gunicorn==23.0.0->-r /home/ernest/student_result_cleaner/requirements.txt (line 58)) (25.0)
Checking Python version
Python 3.10.12
Checking for port 5000
Starting Gunicorn
Gunicorn PID: 758
ernest     741  0.0  0.0   4912  3724 pts/5    Ss+  08:46   0:00 /bin/bash /home/ernest/student_result_cleaner/start_gunicorn.sh
ernest     758  0.9  0.2  30928 23680 pts/5    S+   08:46   0:00 /home/ernest/student_result_cleaner/venv/bin/python3 /home/ernest/student_result_cleaner/venv/bin/gunicorn --workers 2 --bind 127.0.0.1:5000 --timeout 60 --log-level debug launcher.app:app --log-file /home/ernest/student_result_cleaner/launcher/app.log
ernest     763  2.1  0.3  39792 30940 pts/5    S+   08:46   0:00 /home/ernest/student_result_cleaner/venv/bin/python3 /home/ernest/student_result_cleaner/venv/bin/gunicorn --workers 2 --bind 127.0.0.1:5000 --timeout 60 --log-level debug launcher.app:app --log-file /home/ernest/student_result_cleaner/launcher/app.log
ernest     764  1.9  0.3  39792 30968 pts/5    S+   08:46   0:00 /home/ernest/student_result_cleaner/venv/bin/python3 /home/ernest/student_result_cleaner/venv/bin/gunicorn --workers 2 --bind 127.0.0.1:5000 --timeout 60 --log-level debug launcher.app:app --log-file /home/ernest/student_result_cleaner/launcher/app.log
tcp   LISTEN 0      2048       127.0.0.1:5000       0.0.0.0:*          
  % Total    % Received % Xferd  Average Speed   Time    Time     Time  Current
                                 Dload  Upload   Total   Spent    Left  Speed
  0     0    0     0    0     0      0      0 --:--:-- --:--:-- --:--:--     0100   199  100   199    0     0  30833      0 --:--:-- --:--:-- --:--:-- 33166
<!doctype html>
<html lang=en>
<title>Redirecting...</title>
<h1>Redirecting...</h1>
<p>You should be redirected automatically to the target URL: <a href="/login">/login</a>. If not, click the link.
Gunicorn started successfully
<!doctype html>
<html lang=en>
<title>Redirecting...</title>
<h1>Redirecting...</h1>
<p>You should be redirected automatically to the target URL: <a href="/login">/login</a>. If not, click the link.
 * Restarting nginx nginx
   ...fail!
 * nginx is not running
